{
  "0 debug pnpm:scope": {
    "selected": 1,
    "workspacePrefix": "C:\\Users\\Administrator\\Documents\\Projects\\Personal\\vite-plugin-components"
  },
  "1 error pnpm": {
    "errno": 1,
    "code": "ELIFECYCLE",
    "pkgid": "vite-plugin-components@0.12.2",
    "stage": "build",
    "script": "tsup src/index.ts --dts --format cjs,esm",
    "pkgname": "vite-plugin-components",
    "err": {
      "name": "Error",
      "message": "vite-plugin-components@0.12.2 build: `tsup src/index.ts --dts --format cjs,esm`\nExit status 1",
      "code": "ELIFECYCLE",
      "stack": "Error: vite-plugin-components@0.12.2 build: `tsup src/index.ts --dts --format cjs,esm`\nExit status 1\n    at EventEmitter.<anonymous> (C:\\Users\\Administrator\\AppData\\Roaming\\npm\\node_modules\\pnpm\\dist\\pnpm.cjs:104110:20)\n    at EventEmitter.emit (events.js:376:20)\n    at ChildProcess.<anonymous> (C:\\Users\\Administrator\\AppData\\Roaming\\npm\\node_modules\\pnpm\\dist\\pnpm.cjs:92416:18)\n    at ChildProcess.emit (events.js:376:20)\n    at maybeClose (internal/child_process.js:1055:16)\n    at Process.ChildProcess._handle.onexit (internal/child_process.js:288:5)"
    }
  }
}